{"C:\\Users\\gbouv\\OneDrive\\Bureau\\projet 6\\script.js": {"path":"C:\\Users\\gbouv\\OneDrive\\Bureau\\projet 6\\script.js","statementMap":{"0":{"start":{"line":1,"column":14},"end":{"line":8,"column":1}},"1":{"start":{"line":2,"column":2},"end":{"line":7,"column":3}},"2":{"start":{"line":3,"column":4},"end":{"line":3,"column":11}},"3":{"start":{"line":4,"column":4},"end":{"line":4,"column":24}},"4":{"start":{"line":6,"column":4},"end":{"line":6,"column":54}},"5":{"start":{"line":10,"column":13},"end":{"line":158,"column":1}},"6":{"start":{"line":11,"column":21},"end":{"line":11,"column":55}},"7":{"start":{"line":12,"column":23},"end":{"line":12,"column":53}},"8":{"start":{"line":13,"column":21},"end":{"line":13,"column":55}},"9":{"start":{"line":15,"column":24},"end":{"line":15,"column":56}},"10":{"start":{"line":16,"column":2},"end":{"line":16,"column":49}},"11":{"start":{"line":17,"column":2},"end":{"line":17,"column":51}},"12":{"start":{"line":18,"column":2},"end":{"line":18,"column":36}},"13":{"start":{"line":19,"column":2},"end":{"line":19,"column":36}},"14":{"start":{"line":21,"column":24},"end":{"line":21,"column":53}},"15":{"start":{"line":22,"column":2},"end":{"line":22,"column":40}},"16":{"start":{"line":23,"column":29},"end":{"line":23,"column":57}},"17":{"start":{"line":24,"column":2},"end":{"line":24,"column":60}},"18":{"start":{"line":25,"column":2},"end":{"line":25,"column":48}},"19":{"start":{"line":26,"column":2},"end":{"line":26,"column":40}},"20":{"start":{"line":27,"column":2},"end":{"line":27,"column":44}},"21":{"start":{"line":28,"column":20},"end":{"line":28,"column":50}},"22":{"start":{"line":29,"column":2},"end":{"line":29,"column":33}},"23":{"start":{"line":33,"column":17},"end":{"line":33,"column":47}},"24":{"start":{"line":34,"column":4},"end":{"line":34,"column":24}},"25":{"start":{"line":36,"column":23},"end":{"line":36,"column":54}},"26":{"start":{"line":37,"column":4},"end":{"line":37,"column":44}},"27":{"start":{"line":38,"column":4},"end":{"line":38,"column":61}},"28":{"start":{"line":39,"column":4},"end":{"line":39,"column":33}},"29":{"start":{"line":41,"column":24},"end":{"line":41,"column":55}},"30":{"start":{"line":42,"column":4},"end":{"line":42,"column":45}},"31":{"start":{"line":43,"column":4},"end":{"line":43,"column":54}},"32":{"start":{"line":44,"column":4},"end":{"line":44,"column":34}},"33":{"start":{"line":46,"column":29},"end":{"line":46,"column":61}},"34":{"start":{"line":47,"column":4},"end":{"line":47,"column":52}},"35":{"start":{"line":48,"column":4},"end":{"line":48,"column":48}},"36":{"start":{"line":49,"column":4},"end":{"line":49,"column":45}},"37":{"start":{"line":51,"column":29},"end":{"line":51,"column":61}},"38":{"start":{"line":52,"column":4},"end":{"line":52,"column":45}},"39":{"start":{"line":53,"column":4},"end":{"line":53,"column":45}},"40":{"start":{"line":54,"column":4},"end":{"line":57,"column":7}},"41":{"start":{"line":55,"column":6},"end":{"line":55,"column":21}},"42":{"start":{"line":56,"column":6},"end":{"line":56,"column":45}},"43":{"start":{"line":59,"column":4},"end":{"line":59,"column":33}},"44":{"start":{"line":60,"column":4},"end":{"line":60,"column":34}},"45":{"start":{"line":61,"column":4},"end":{"line":61,"column":39}},"46":{"start":{"line":62,"column":4},"end":{"line":62,"column":39}},"47":{"start":{"line":64,"column":4},"end":{"line":64,"column":29}},"48":{"start":{"line":65,"column":4},"end":{"line":65,"column":41}},"49":{"start":{"line":66,"column":4},"end":{"line":66,"column":48}},"50":{"start":{"line":70,"column":6},"end":{"line":74,"column":7}},"51":{"start":{"line":71,"column":8},"end":{"line":71,"column":21}},"52":{"start":{"line":72,"column":8},"end":{"line":72,"column":22}},"53":{"start":{"line":77,"column":4},"end":{"line":94,"column":9}},"54":{"start":{"line":78,"column":8},"end":{"line":78,"column":31}},"55":{"start":{"line":80,"column":23},"end":{"line":80,"column":66}},"56":{"start":{"line":81,"column":27},"end":{"line":81,"column":42}},"57":{"start":{"line":82,"column":28},"end":{"line":82,"column":43}},"58":{"start":{"line":84,"column":8},"end":{"line":87,"column":9}},"59":{"start":{"line":85,"column":10},"end":{"line":85,"column":93}},"60":{"start":{"line":86,"column":10},"end":{"line":86,"column":17}},"61":{"start":{"line":89,"column":8},"end":{"line":89,"column":52}},"62":{"start":{"line":90,"column":8},"end":{"line":90,"column":45}},"63":{"start":{"line":91,"column":8},"end":{"line":91,"column":45}},"64":{"start":{"line":93,"column":8},"end":{"line":93,"column":21}},"65":{"start":{"line":97,"column":13},"end":{"line":97,"column":43}},"66":{"start":{"line":100,"column":21},"end":{"line":100,"column":26}},"67":{"start":{"line":101,"column":17},"end":{"line":101,"column":92}},"68":{"start":{"line":102,"column":19},"end":{"line":102,"column":38}},"69":{"start":{"line":103,"column":15},"end":{"line":103,"column":36}},"70":{"start":{"line":104,"column":18},"end":{"line":104,"column":20}},"71":{"start":{"line":105,"column":24},"end":{"line":105,"column":67}},"72":{"start":{"line":106,"column":2},"end":{"line":106,"column":29}},"73":{"start":{"line":107,"column":2},"end":{"line":107,"column":89}},"74":{"start":{"line":107,"column":62},"end":{"line":107,"column":86}},"75":{"start":{"line":107,"column":76},"end":{"line":107,"column":86}},"76":{"start":{"line":110,"column":2},"end":{"line":139,"column":5}},"77":{"start":{"line":112,"column":2},"end":{"line":133,"column":3}},"78":{"start":{"line":113,"column":21},"end":{"line":119,"column":5}},"79":{"start":{"line":120,"column":4},"end":{"line":120,"column":27}},"80":{"start":{"line":122,"column":20},"end":{"line":122,"column":47}},"81":{"start":{"line":123,"column":25},"end":{"line":123,"column":64}},"82":{"start":{"line":125,"column":18},"end":{"line":125,"column":47}},"83":{"start":{"line":126,"column":4},"end":{"line":126,"column":31}},"84":{"start":{"line":128,"column":16},"end":{"line":128,"column":43}},"85":{"start":{"line":129,"column":4},"end":{"line":129,"column":52}},"86":{"start":{"line":131,"column":4},"end":{"line":131,"column":44}},"87":{"start":{"line":132,"column":4},"end":{"line":132,"column":39}},"88":{"start":{"line":135,"column":4},"end":{"line":135,"column":32}},"89":{"start":{"line":137,"column":4},"end":{"line":137,"column":66}},"90":{"start":{"line":138,"column":4},"end":{"line":138,"column":24}},"91":{"start":{"line":141,"column":6},"end":{"line":154,"column":4}},"92":{"start":{"line":142,"column":31},"end":{"line":142,"column":58}},"93":{"start":{"line":143,"column":6},"end":{"line":143,"column":59}},"94":{"start":{"line":145,"column":39},"end":{"line":145,"column":87}},"95":{"start":{"line":146,"column":6},"end":{"line":148,"column":7}},"96":{"start":{"line":147,"column":8},"end":{"line":147,"column":60}},"97":{"start":{"line":150,"column":6},"end":{"line":150,"column":50}},"98":{"start":{"line":153,"column":4},"end":{"line":153,"column":39}},"99":{"start":{"line":156,"column":2},"end":{"line":156,"column":14}},"100":{"start":{"line":161,"column":18},"end":{"line":161,"column":47}},"101":{"start":{"line":162,"column":2},"end":{"line":162,"column":32}},"102":{"start":{"line":164,"column":17},"end":{"line":164,"column":44}},"103":{"start":{"line":165,"column":2},"end":{"line":165,"column":50}},"104":{"start":{"line":167,"column":18},"end":{"line":167,"column":45}},"105":{"start":{"line":168,"column":2},"end":{"line":168,"column":106}},"106":{"start":{"line":170,"column":23},"end":{"line":170,"column":50}},"107":{"start":{"line":171,"column":2},"end":{"line":171,"column":131}},"108":{"start":{"line":173,"column":23},"end":{"line":173,"column":50}},"109":{"start":{"line":175,"column":2},"end":{"line":175,"column":83}},"110":{"start":{"line":176,"column":2},"end":{"line":176,"column":32}},"111":{"start":{"line":178,"column":2},"end":{"line":178,"column":46}},"112":{"start":{"line":180,"column":2},"end":{"line":185,"column":4}},"113":{"start":{"line":181,"column":4},"end":{"line":181,"column":29}},"114":{"start":{"line":182,"column":4},"end":{"line":182,"column":24}},"115":{"start":{"line":183,"column":4},"end":{"line":183,"column":49}},"116":{"start":{"line":184,"column":4},"end":{"line":184,"column":50}},"117":{"start":{"line":187,"column":2},"end":{"line":187,"column":36}},"118":{"start":{"line":189,"column":16},"end":{"line":189,"column":45}},"119":{"start":{"line":190,"column":2},"end":{"line":190,"column":59}},"120":{"start":{"line":192,"column":14},"end":{"line":192,"column":41}},"121":{"start":{"line":193,"column":2},"end":{"line":193,"column":50}},"122":{"start":{"line":195,"column":2},"end":{"line":195,"column":30}},"123":{"start":{"line":196,"column":2},"end":{"line":196,"column":31}},"124":{"start":{"line":197,"column":2},"end":{"line":197,"column":36}},"125":{"start":{"line":198,"column":2},"end":{"line":198,"column":36}},"126":{"start":{"line":199,"column":2},"end":{"line":199,"column":29}},"127":{"start":{"line":200,"column":2},"end":{"line":200,"column":27}},"128":{"start":{"line":201,"column":2},"end":{"line":201,"column":17}},"129":{"start":{"line":205,"column":25},"end":{"line":205,"column":56}},"130":{"start":{"line":206,"column":21},"end":{"line":206,"column":47}},"131":{"start":{"line":207,"column":19},"end":{"line":207,"column":53}},"132":{"start":{"line":208,"column":2},"end":{"line":208,"column":84}},"133":{"start":{"line":208,"column":57},"end":{"line":208,"column":81}},"134":{"start":{"line":208,"column":71},"end":{"line":208,"column":81}},"135":{"start":{"line":210,"column":2},"end":{"line":222,"column":3}},"136":{"start":{"line":211,"column":4},"end":{"line":211,"column":38}},"137":{"start":{"line":212,"column":4},"end":{"line":215,"column":5}},"138":{"start":{"line":213,"column":22},"end":{"line":213,"column":46}},"139":{"start":{"line":214,"column":6},"end":{"line":214,"column":36}},"140":{"start":{"line":219,"column":32},"end":{"line":219,"column":59}},"141":{"start":{"line":220,"column":4},"end":{"line":220,"column":103}},"142":{"start":{"line":221,"column":4},"end":{"line":221,"column":46}},"143":{"start":{"line":225,"column":21},"end":{"line":225,"column":26}},"144":{"start":{"line":229,"column":24},"end":{"line":229,"column":73}},"145":{"start":{"line":231,"column":22},"end":{"line":231,"column":69}},"146":{"start":{"line":231,"column":54},"end":{"line":231,"column":68}},"147":{"start":{"line":233,"column":4},"end":{"line":243,"column":7}},"148":{"start":{"line":235,"column":6},"end":{"line":235,"column":39}},"149":{"start":{"line":236,"column":6},"end":{"line":236,"column":67}},"150":{"start":{"line":240,"column":8},"end":{"line":240,"column":31}},"151":{"start":{"line":241,"column":8},"end":{"line":241,"column":69}},"152":{"start":{"line":247,"column":24},"end":{"line":247,"column":73}},"153":{"start":{"line":248,"column":4},"end":{"line":248,"column":56}},"154":{"start":{"line":248,"column":36},"end":{"line":248,"column":54}}},"fnMap":{"0":{"name":"(anonymous_0)","decl":{"start":{"line":1,"column":14},"end":{"line":1,"column":15}},"loc":{"start":{"line":1,"column":20},"end":{"line":8,"column":1}},"line":1},"1":{"name":"(anonymous_1)","decl":{"start":{"line":10,"column":13},"end":{"line":10,"column":14}},"loc":{"start":{"line":10,"column":19},"end":{"line":158,"column":1}},"line":10},"2":{"name":"showForm","decl":{"start":{"line":32,"column":11},"end":{"line":32,"column":19}},"loc":{"start":{"line":32,"column":22},"end":{"line":95,"column":1}},"line":32},"3":{"name":"(anonymous_3)","decl":{"start":{"line":54,"column":47},"end":{"line":54,"column":48}},"loc":{"start":{"line":54,"column":53},"end":{"line":57,"column":5}},"line":54},"4":{"name":"hideForm","decl":{"start":{"line":69,"column":11},"end":{"line":69,"column":19}},"loc":{"start":{"line":69,"column":27},"end":{"line":75,"column":5}},"line":69},"5":{"name":"(anonymous_5)","decl":{"start":{"line":77,"column":36},"end":{"line":77,"column":37}},"loc":{"start":{"line":77,"column":59},"end":{"line":94,"column":7}},"line":77},"6":{"name":"searchBooks","decl":{"start":{"line":99,"column":15},"end":{"line":99,"column":26}},"loc":{"start":{"line":99,"column":42},"end":{"line":157,"column":3}},"line":99},"7":{"name":"(anonymous_7)","decl":{"start":{"line":107,"column":46},"end":{"line":107,"column":47}},"loc":{"start":{"line":107,"column":61},"end":{"line":107,"column":87}},"line":107},"8":{"name":"displayBook","decl":{"start":{"line":160,"column":9},"end":{"line":160,"column":20}},"loc":{"start":{"line":160,"column":38},"end":{"line":202,"column":1}},"line":160},"9":{"name":"(anonymous_9)","decl":{"start":{"line":180,"column":41},"end":{"line":180,"column":42}},"loc":{"start":{"line":180,"column":47},"end":{"line":185,"column":3}},"line":180},"10":{"name":"displaySavedBooks","decl":{"start":{"line":204,"column":9},"end":{"line":204,"column":26}},"loc":{"start":{"line":204,"column":29},"end":{"line":223,"column":1}},"line":204},"11":{"name":"(anonymous_11)","decl":{"start":{"line":208,"column":41},"end":{"line":208,"column":42}},"loc":{"start":{"line":208,"column":56},"end":{"line":208,"column":82}},"line":208},"12":{"name":"toggleBookmark","decl":{"start":{"line":227,"column":11},"end":{"line":227,"column":25}},"loc":{"start":{"line":227,"column":32},"end":{"line":244,"column":3}},"line":227},"13":{"name":"(anonymous_13)","decl":{"start":{"line":231,"column":44},"end":{"line":231,"column":45}},"loc":{"start":{"line":231,"column":54},"end":{"line":231,"column":68}},"line":231},"14":{"name":"BookmarkedOrNot","decl":{"start":{"line":246,"column":11},"end":{"line":246,"column":26}},"loc":{"start":{"line":246,"column":35},"end":{"line":249,"column":3}},"line":246},"15":{"name":"(anonymous_15)","decl":{"start":{"line":248,"column":28},"end":{"line":248,"column":29}},"loc":{"start":{"line":248,"column":36},"end":{"line":248,"column":54}},"line":248}},"branchMap":{"0":{"loc":{"start":{"line":2,"column":2},"end":{"line":7,"column":3}},"type":"if","locations":[{"start":{"line":2,"column":2},"end":{"line":7,"column":3}},{"start":{"line":5,"column":9},"end":{"line":7,"column":3}}],"line":2},"1":{"loc":{"start":{"line":70,"column":6},"end":{"line":74,"column":7}},"type":"if","locations":[{"start":{"line":70,"column":6},"end":{"line":74,"column":7}},{"start":{},"end":{}}],"line":70},"2":{"loc":{"start":{"line":84,"column":8},"end":{"line":87,"column":9}},"type":"if","locations":[{"start":{"line":84,"column":8},"end":{"line":87,"column":9}},{"start":{},"end":{}}],"line":84},"3":{"loc":{"start":{"line":84,"column":12},"end":{"line":84,"column":65}},"type":"binary-expr","locations":[{"start":{"line":84,"column":12},"end":{"line":84,"column":36}},{"start":{"line":84,"column":40},"end":{"line":84,"column":65}}],"line":84},"4":{"loc":{"start":{"line":107,"column":62},"end":{"line":107,"column":86}},"type":"if","locations":[{"start":{"line":107,"column":62},"end":{"line":107,"column":86}},{"start":{},"end":{}}],"line":107},"5":{"loc":{"start":{"line":110,"column":2},"end":{"line":139,"column":5}},"type":"if","locations":[{"start":{"line":110,"column":2},"end":{"line":139,"column":5}},{"start":{},"end":{}}],"line":110},"6":{"loc":{"start":{"line":110,"column":6},"end":{"line":110,"column":41}},"type":"binary-expr","locations":[{"start":{"line":110,"column":6},"end":{"line":110,"column":16}},{"start":{"line":110,"column":20},"end":{"line":110,"column":41}}],"line":110},"7":{"loc":{"start":{"line":115,"column":15},"end":{"line":115,"column":71}},"type":"cond-expr","locations":[{"start":{"line":115,"column":43},"end":{"line":115,"column":66}},{"start":{"line":115,"column":69},"end":{"line":115,"column":71}}],"line":115},"8":{"loc":{"start":{"line":116,"column":19},"end":{"line":116,"column":132}},"type":"cond-expr","locations":[{"start":{"line":116,"column":49},"end":{"line":116,"column":98}},{"start":{"line":116,"column":101},"end":{"line":116,"column":132}}],"line":116},"9":{"loc":{"start":{"line":117,"column":13},"end":{"line":117,"column":83}},"type":"cond-expr","locations":[{"start":{"line":117,"column":42},"end":{"line":117,"column":78}},{"start":{"line":117,"column":81},"end":{"line":117,"column":83}}],"line":117},"10":{"loc":{"start":{"line":141,"column":6},"end":{"line":154,"column":4}},"type":"if","locations":[{"start":{"line":141,"column":6},"end":{"line":154,"column":4}},{"start":{"line":152,"column":9},"end":{"line":154,"column":4}}],"line":141},"11":{"loc":{"start":{"line":141,"column":10},"end":{"line":141,"column":40}},"type":"binary-expr","locations":[{"start":{"line":141,"column":10},"end":{"line":141,"column":23}},{"start":{"line":141,"column":27},"end":{"line":141,"column":40}}],"line":141},"12":{"loc":{"start":{"line":146,"column":6},"end":{"line":148,"column":7}},"type":"if","locations":[{"start":{"line":146,"column":6},"end":{"line":148,"column":7}},{"start":{},"end":{}}],"line":146},"13":{"loc":{"start":{"line":168,"column":35},"end":{"line":168,"column":103}},"type":"cond-expr","locations":[{"start":{"line":168,"column":65},"end":{"line":168,"column":84}},{"start":{"line":168,"column":87},"end":{"line":168,"column":103}}],"line":168},"14":{"loc":{"start":{"line":171,"column":45},"end":{"line":171,"column":128}},"type":"cond-expr","locations":[{"start":{"line":171,"column":68},"end":{"line":171,"column":102}},{"start":{"line":171,"column":105},"end":{"line":171,"column":128}}],"line":171},"15":{"loc":{"start":{"line":175,"column":39},"end":{"line":175,"column":79}},"type":"cond-expr","locations":[{"start":{"line":175,"column":49},"end":{"line":175,"column":62}},{"start":{"line":175,"column":65},"end":{"line":175,"column":79}}],"line":175},"16":{"loc":{"start":{"line":190,"column":14},"end":{"line":190,"column":58}},"type":"binary-expr","locations":[{"start":{"line":190,"column":14},"end":{"line":190,"column":28}},{"start":{"line":190,"column":32},"end":{"line":190,"column":58}}],"line":190},"17":{"loc":{"start":{"line":208,"column":57},"end":{"line":208,"column":81}},"type":"if","locations":[{"start":{"line":208,"column":57},"end":{"line":208,"column":81}},{"start":{},"end":{}}],"line":208},"18":{"loc":{"start":{"line":210,"column":2},"end":{"line":222,"column":3}},"type":"if","locations":[{"start":{"line":210,"column":2},"end":{"line":222,"column":3}},{"start":{"line":218,"column":7},"end":{"line":222,"column":3}}],"line":210},"19":{"loc":{"start":{"line":210,"column":6},"end":{"line":210,"column":68}},"type":"binary-expr","locations":[{"start":{"line":210,"column":6},"end":{"line":210,"column":29}},{"start":{"line":210,"column":33},"end":{"line":210,"column":43}},{"start":{"line":210,"column":47},"end":{"line":210,"column":68}}],"line":210},"20":{"loc":{"start":{"line":229,"column":24},"end":{"line":229,"column":73}},"type":"binary-expr","locations":[{"start":{"line":229,"column":24},"end":{"line":229,"column":67}},{"start":{"line":229,"column":71},"end":{"line":229,"column":73}}],"line":229},"21":{"loc":{"start":{"line":233,"column":4},"end":{"line":243,"column":7}},"type":"if","locations":[{"start":{"line":233,"column":4},"end":{"line":243,"column":7}},{"start":{"line":238,"column":11},"end":{"line":243,"column":7}}],"line":233},"22":{"loc":{"start":{"line":247,"column":24},"end":{"line":247,"column":73}},"type":"binary-expr","locations":[{"start":{"line":247,"column":24},"end":{"line":247,"column":67}},{"start":{"line":247,"column":71},"end":{"line":247,"column":73}}],"line":247}},"s":{"0":1,"1":0,"2":0,"3":0,"4":0,"5":1,"6":0,"7":0,"8":0,"9":0,"10":0,"11":0,"12":0,"13":0,"14":0,"15":0,"16":0,"17":0,"18":0,"19":0,"20":0,"21":0,"22":0,"23":0,"24":0,"25":0,"26":0,"27":0,"28":0,"29":0,"30":0,"31":0,"32":0,"33":0,"34":0,"35":0,"36":0,"37":0,"38":0,"39":0,"40":0,"41":0,"42":0,"43":0,"44":0,"45":0,"46":0,"47":0,"48":0,"49":0,"50":0,"51":0,"52":0,"53":0,"54":0,"55":0,"56":0,"57":0,"58":0,"59":0,"60":0,"61":0,"62":0,"63":0,"64":0,"65":0,"66":0,"67":0,"68":0,"69":0,"70":0,"71":0,"72":0,"73":0,"74":0,"75":0,"76":0,"77":0,"78":0,"79":0,"80":0,"81":0,"82":0,"83":0,"84":0,"85":0,"86":0,"87":0,"88":0,"89":0,"90":0,"91":0,"92":0,"93":0,"94":0,"95":0,"96":0,"97":0,"98":0,"99":0,"100":0,"101":0,"102":0,"103":0,"104":0,"105":0,"106":0,"107":0,"108":0,"109":0,"110":0,"111":0,"112":0,"113":0,"114":0,"115":0,"116":0,"117":0,"118":0,"119":0,"120":0,"121":0,"122":0,"123":0,"124":0,"125":0,"126":0,"127":0,"128":0,"129":0,"130":0,"131":0,"132":0,"133":0,"134":0,"135":0,"136":0,"137":0,"138":0,"139":0,"140":0,"141":0,"142":0,"143":1,"144":0,"145":0,"146":0,"147":0,"148":0,"149":0,"150":0,"151":0,"152":0,"153":0,"154":0},"f":{"0":0,"1":0,"2":0,"3":0,"4":0,"5":0,"6":0,"7":0,"8":0,"9":0,"10":0,"11":0,"12":0,"13":0,"14":0,"15":0},"b":{"0":[0,0],"1":[0,0],"2":[0,0],"3":[0,0],"4":[0,0],"5":[0,0],"6":[0,0],"7":[0,0],"8":[0,0],"9":[0,0],"10":[0,0],"11":[0,0],"12":[0,0],"13":[0,0],"14":[0,0],"15":[0,0],"16":[0,0],"17":[0,0],"18":[0,0],"19":[0,0,0],"20":[0,0],"21":[0,0],"22":[0,0]},"_coverageSchema":"1a1c01bbd47fc00a2c39e90264f33305004495a9","hash":"28816108f4e7aea83e3f67677e3cbdb7f187a6c0"}
}
